build/outputs/logs/manifest-merger-debug-report.txt
-- Merging decision tree log ---
manifest
ADDED from AutomobileService\AndroidManifest.xml:1:1-101:12
	xmlns:android
		ADDED from AutomobileService\AndroidManifest.xml:1:11-69
	package
		ADDED from AutomobileService\AndroidManifest.xml:2:5-40
	android:versionName
		ADDED from AutomobileService\AndroidManifest.xml:4:5-30
		INJECTED from AutomobileService\AndroidManifest.xml
		INJECTED from AutomobileService\AndroidManifest.xml
	android:versionCode
		ADDED from AutomobileService\AndroidManifest.xml:3:5-28
		INJECTED from AutomobileService\AndroidManifest.xml
		INJECTED from AutomobileService\AndroidManifest.xml
uses-sdk
ADDED from AutomobileService\AndroidManifest.xml:6:5-8:41
	android:targetSdkVersion
		ADDED from AutomobileService\AndroidManifest.xml:8:9-38
	android:minSdkVersion
		ADDED from AutomobileService\AndroidManifest.xml:7:9-35
uses-permission#android.permission.INTERNET
ADDED from AutomobileService\AndroidManifest.xml:10:5-67
	android:name
		ADDED from AutomobileService\AndroidManifest.xml:10:22-64
uses-permission#android.permission.ACCESS_NETWORK_STATE
ADDED from AutomobileService\AndroidManifest.xml:11:5-79
	android:name
		ADDED from AutomobileService\AndroidManifest.xml:11:22-76
uses-permission#android.permission.ACCESS_WIFI_STATE
ADDED from AutomobileService\AndroidManifest.xml:12:5-76
	android:name
		ADDED from AutomobileService\AndroidManifest.xml:12:22-73
uses-permission#android.permission.WAKE_LOCK
ADDED from AutomobileService\AndroidManifest.xml:13:5-68
	android:name
		ADDED from AutomobileService\AndroidManifest.xml:13:22-65
uses-permission#android.permission.WRITE_EXTERNAL_STORAGE
ADDED from AutomobileService\AndroidManifest.xml:14:5-81
	android:name
		ADDED from AutomobileService\AndroidManifest.xml:14:22-78
uses-permission#android.permission.READ_PHONE_STATE
ADDED from AutomobileService\AndroidManifest.xml:15:5-75
	android:name
		ADDED from AutomobileService\AndroidManifest.xml:15:22-72
application
ADDED from AutomobileService\AndroidManifest.xml:16:5-99:19
	android:label
		ADDED from AutomobileService\AndroidManifest.xml:19:9-41
	android:allowBackup
		ADDED from AutomobileService\AndroidManifest.xml:17:9-35
	android:icon
		ADDED from AutomobileService\AndroidManifest.xml:18:9-45
	android:theme
		ADDED from AutomobileService\AndroidManifest.xml:20:9-40
activity#com.roy.automobileservice.activity.HomePageActivity
ADDED from AutomobileService\AndroidManifest.xml:27:9-35:20
	android:label
		ADDED from AutomobileService\AndroidManifest.xml:30:13-45
	android:name
		ADDED from AutomobileService\AndroidManifest.xml:28:13-54
	android:launchMode
		ADDED from AutomobileService\AndroidManifest.xml:29:13-44
intent-filter#android.intent.action.MAIN+android.intent.category.LAUNCHER
ADDED from AutomobileService\AndroidManifest.xml:31:13-34:29
action#android.intent.action.MAIN
ADDED from AutomobileService\AndroidManifest.xml:32:17-68
	android:name
		ADDED from AutomobileService\AndroidManifest.xml:32:25-66
category#android.intent.category.LAUNCHER
ADDED from AutomobileService\AndroidManifest.xml:33:17-76
	android:name
		ADDED from AutomobileService\AndroidManifest.xml:33:27-74
activity#com.roy.automobileservice.activity.ConvenientService
ADDED from AutomobileService\AndroidManifest.xml:36:9-39:20
	android:theme
		ADDED from AutomobileService\AndroidManifest.xml:38:13-53
	android:name
		ADDED from AutomobileService\AndroidManifest.xml:36:19-61
	android:launchMode
		ADDED from AutomobileService\AndroidManifest.xml:37:13-44
activity#com.roy.automobileservice.activity.CarModelsListActivity
ADDED from AutomobileService\AndroidManifest.xml:40:9-43:20
	android:theme
		ADDED from AutomobileService\AndroidManifest.xml:42:13-53
	android:name
		ADDED from AutomobileService\AndroidManifest.xml:40:19-65
	android:launchMode
		ADDED from AutomobileService\AndroidManifest.xml:41:13-44
activity#com.roy.automobileservice.activity.CarInfoActivity
ADDED from AutomobileService\AndroidManifest.xml:44:9-47:20
	android:theme
		ADDED from AutomobileService\AndroidManifest.xml:46:13-53
	android:name
		ADDED from AutomobileService\AndroidManifest.xml:44:19-59
	android:launchMode
		ADDED from AutomobileService\AndroidManifest.xml:45:13-44
activity#com.roy.automobileservice.activity.LoginActivity
ADDED from AutomobileService\AndroidManifest.xml:48:9-51:20
	android:theme
		ADDED from AutomobileService\AndroidManifest.xml:50:13-53
	android:name
		ADDED from AutomobileService\AndroidManifest.xml:48:19-57
	android:launchMode
		ADDED from AutomobileService\AndroidManifest.xml:49:13-44
activity#com.roy.automobileservice.activity.MyInfoActivity
ADDED from AutomobileService\AndroidManifest.xml:52:9-55:20
	android:theme
		ADDED from AutomobileService\AndroidManifest.xml:54:13-53
	android:name
		ADDED from AutomobileService\AndroidManifest.xml:52:19-58
	android:launchMode
		ADDED from AutomobileService\AndroidManifest.xml:53:13-44
activity#com.roy.automobileservice.activity.RegisterActivity
ADDED from AutomobileService\AndroidManifest.xml:56:9-60:20
	android:theme
		ADDED from AutomobileService\AndroidManifest.xml:58:13-53
	android:name
		ADDED from AutomobileService\AndroidManifest.xml:56:19-60
	android:launchMode
		ADDED from AutomobileService\AndroidManifest.xml:57:13-44
activity#com.roy.automobileservice.activity.InfoModifyActivity
ADDED from AutomobileService\AndroidManifest.xml:61:9-64:20
	android:theme
		ADDED from AutomobileService\AndroidManifest.xml:63:13-53
	android:name
		ADDED from AutomobileService\AndroidManifest.xml:61:19-62
	android:launchMode
		ADDED from AutomobileService\AndroidManifest.xml:62:13-44
activity#com.roy.automobileservice.activity.TestActivity
ADDED from AutomobileService\AndroidManifest.xml:66:9-69:20
	android:theme
		ADDED from AutomobileService\AndroidManifest.xml:68:13-53
	android:name
		ADDED from AutomobileService\AndroidManifest.xml:66:19-56
	android:launchMode
		ADDED from AutomobileService\AndroidManifest.xml:67:13-44
activity#com.roy.automobileservice.activity.CarRepairActivity
ADDED from AutomobileService\AndroidManifest.xml:70:9-73:20
	android:theme
		ADDED from AutomobileService\AndroidManifest.xml:72:13-53
	android:name
		ADDED from AutomobileService\AndroidManifest.xml:70:19-61
	android:launchMode
		ADDED from AutomobileService\AndroidManifest.xml:71:13-44
activity#com.roy.automobileservice.activity.CarCalculatorActivity
ADDED from AutomobileService\AndroidManifest.xml:74:9-77:20
	android:theme
		ADDED from AutomobileService\AndroidManifest.xml:76:13-53
	android:name
		ADDED from AutomobileService\AndroidManifest.xml:74:19-65
	android:launchMode
		ADDED from AutomobileService\AndroidManifest.xml:75:13-44
activity#com.roy.automobileservice.activity.CarBeautyActivity
ADDED from AutomobileService\AndroidManifest.xml:78:9-81:20
	android:theme
		ADDED from AutomobileService\AndroidManifest.xml:80:13-53
	android:name
		ADDED from AutomobileService\AndroidManifest.xml:78:19-61
	android:launchMode
		ADDED from AutomobileService\AndroidManifest.xml:79:13-44
activity#com.roy.automobileservice.activity.BeautyCatogoryContentActivity
ADDED from AutomobileService\AndroidManifest.xml:82:9-85:20
	android:theme
		ADDED from AutomobileService\AndroidManifest.xml:84:13-53
	android:name
		ADDED from AutomobileService\AndroidManifest.xml:82:19-73
	android:launchMode
		ADDED from AutomobileService\AndroidManifest.xml:83:13-44
activity#com.roy.automobileservice.activity.AskForBeautyActivity
ADDED from AutomobileService\AndroidManifest.xml:86:9-89:20
	android:theme
		ADDED from AutomobileService\AndroidManifest.xml:88:13-53
	android:name
		ADDED from AutomobileService\AndroidManifest.xml:86:19-64
	android:launchMode
		ADDED from AutomobileService\AndroidManifest.xml:87:13-44
receiver#com.roy.automobileservice.broadcast.IsLoginBroadcastReceiver
ADDED from AutomobileService\AndroidManifest.xml:90:9-96:20
	android:exported
		ADDED from AutomobileService\AndroidManifest.xml:91:13-37
	android:name
		ADDED from AutomobileService\AndroidManifest.xml:90:19-69
intent-filter#com.roy.automobileservice.ISLOGIN
ADDED from AutomobileService\AndroidManifest.xml:93:13-95:29
action#com.roy.automobileservice.ISLOGIN
ADDED from AutomobileService\AndroidManifest.xml:94:17-75
	android:name
		ADDED from AutomobileService\AndroidManifest.xml:94:25-73